Started GET "/" for 127.0.0.1 at 2018-10-30 10:33:23 +0000
  
Gem::LoadError (Error loading the 'sqlite3' Active Record adapter. Missing a gem it depends on? sqlite3 is not part of the bundle. Add it to your Gemfile.):
  
bundler (1.16.6) lib/bundler/rubygems_integration.rb:408:in `block (2 levels) in replace_gem'
activerecord (5.2.1) lib/active_record/connection_adapters/sqlite3_adapter.rb:12:in `<main>'
bootsnap (1.3.2) lib/bootsnap/load_path_cache/core_ext/kernel_require.rb:21:in `require'
bootsnap (1.3.2) lib/bootsnap/load_path_cache/core_ext/kernel_require.rb:21:in `block in require_with_bootsnap_lfi'
bootsnap (1.3.2) lib/bootsnap/load_path_cache/loaded_features_index.rb:65:in `register'
bootsnap (1.3.2) lib/bootsnap/load_path_cache/core_ext/kernel_require.rb:20:in `require_with_bootsnap_lfi'
bootsnap (1.3.2) lib/bootsnap/load_path_cache/core_ext/kernel_require.rb:29:in `require'
activesupport (5.2.1) lib/active_support/dependencies.rb:287:in `block in require'
activesupport (5.2.1) lib/active_support/dependencies.rb:253:in `load_dependency'
activesupport (5.2.1) lib/active_support/dependencies.rb:287:in `require'
activerecord (5.2.1) lib/active_record/connection_adapters/connection_specification.rb:191:in `spec'
activerecord (5.2.1) lib/active_record/connection_adapters/abstract/connection_pool.rb:950:in `establish_connection'
activerecord (5.2.1) lib/active_record/connection_handling.rb:60:in `establish_connection'
activerecord (5.2.1) lib/active_record/railtie.rb:136:in `block (2 levels) in <class:Railtie>'
activesupport (5.2.1) lib/active_support/lazy_load_hooks.rb:71:in `instance_eval'
activesupport (5.2.1) lib/active_support/lazy_load_hooks.rb:71:in `block in execute_hook'
activesupport (5.2.1) lib/active_support/lazy_load_hooks.rb:62:in `with_execution_control'
activesupport (5.2.1) lib/active_support/lazy_load_hooks.rb:67:in `execute_hook'
activesupport (5.2.1) lib/active_support/lazy_load_hooks.rb:52:in `block in run_load_hooks'
activesupport (5.2.1) lib/active_support/lazy_load_hooks.rb:51:in `each'
activesupport (5.2.1) lib/active_support/lazy_load_hooks.rb:51:in `run_load_hooks'
activerecord (5.2.1) lib/active_record/base.rb:328:in `<module:ActiveRecord>'
activerecord (5.2.1) lib/active_record/base.rb:27:in `<main>'
bootsnap (1.3.2) lib/bootsnap/load_path_cache/core_ext/kernel_require.rb:21:in `require'
bootsnap (1.3.2) lib/bootsnap/load_path_cache/core_ext/kernel_require.rb:21:in `block in require_with_bootsnap_lfi'
bootsnap (1.3.2) lib/bootsnap/load_path_cache/loaded_features_index.rb:65:in `register'
bootsnap (1.3.2) lib/bootsnap/load_path_cache/core_ext/kernel_require.rb:20:in `require_with_bootsnap_lfi'
bootsnap (1.3.2) lib/bootsnap/load_path_cache/core_ext/kernel_require.rb:29:in `require'
activesupport (5.2.1) lib/active_support/dependencies.rb:287:in `block in require'
activesupport (5.2.1) lib/active_support/dependencies.rb:253:in `load_dependency'
activesupport (5.2.1) lib/active_support/dependencies.rb:287:in `require'
activerecord (5.2.1) lib/active_record/migration.rb:554:in `call'
actionpack (5.2.1) lib/action_dispatch/middleware/callbacks.rb:28:in `block in call'
activesupport (5.2.1) lib/active_support/callbacks.rb:98:in `run_callbacks'
actionpack (5.2.1) lib/action_dispatch/middleware/callbacks.rb:26:in `call'
actionpack (5.2.1) lib/action_dispatch/middleware/executor.rb:14:in `call'
actionpack (5.2.1) lib/action_dispatch/middleware/debug_exceptions.rb:61:in `call'
web-console (3.7.0) lib/web_console/middleware.rb:135:in `call_app'
web-console (3.7.0) lib/web_console/middleware.rb:30:in `block in call'
web-console (3.7.0) lib/web_console/middleware.rb:20:in `catch'
web-console (3.7.0) lib/web_console/middleware.rb:20:in `call'
actionpack (5.2.1) lib/action_dispatch/middleware/show_exceptions.rb:33:in `call'
railties (5.2.1) lib/rails/rack/logger.rb:38:in `call_app'
railties (5.2.1) lib/rails/rack/logger.rb:26:in `block in call'
activesupport (5.2.1) lib/active_support/tagged_logging.rb:71:in `block in tagged'
activesupport (5.2.1) lib/active_support/tagged_logging.rb:28:in `tagged'
activesupport (5.2.1) lib/active_support/tagged_logging.rb:71:in `tagged'
railties (5.2.1) lib/rails/rack/logger.rb:26:in `call'
sprockets-rails (3.2.1) lib/sprockets/rails/quiet_assets.rb:13:in `call'
actionpack (5.2.1) lib/action_dispatch/middleware/remote_ip.rb:81:in `call'
actionpack (5.2.1) lib/action_dispatch/middleware/request_id.rb:27:in `call'
rack (2.0.5) lib/rack/method_override.rb:22:in `call'
rack (2.0.5) lib/rack/runtime.rb:22:in `call'
activesupport (5.2.1) lib/active_support/cache/strategy/local_cache_middleware.rb:29:in `call'
actionpack (5.2.1) lib/action_dispatch/middleware/executor.rb:14:in `call'
actionpack (5.2.1) lib/action_dispatch/middleware/static.rb:127:in `call'
rack (2.0.5) lib/rack/sendfile.rb:111:in `call'
railties (5.2.1) lib/rails/engine.rb:524:in `call'
puma (3.12.0) lib/puma/configuration.rb:225:in `call'
puma (3.12.0) lib/puma/server.rb:658:in `handle_request'
puma (3.12.0) lib/puma/server.rb:472:in `process_client'
puma (3.12.0) lib/puma/server.rb:332:in `block in run'
puma (3.12.0) lib/puma/thread_pool.rb:133:in `block in spawn_thread'
Started GET "/" for 127.0.0.1 at 2018-10-30 10:36:51 +0000
  
ActiveRecord::NoDatabaseError (FATAL:  database "pgapp_dev" does not exist
):
  
activerecord (5.2.1) lib/active_record/connection_adapters/postgresql_adapter.rb:688:in `rescue in connect'
activerecord (5.2.1) lib/active_record/connection_adapters/postgresql_adapter.rb:683:in `connect'
activerecord (5.2.1) lib/active_record/connection_adapters/postgresql_adapter.rb:215:in `initialize'
activerecord (5.2.1) lib/active_record/connection_adapters/postgresql_adapter.rb:40:in `new'
activerecord (5.2.1) lib/active_record/connection_adapters/postgresql_adapter.rb:40:in `postgresql_connection'
activerecord (5.2.1) lib/active_record/connection_adapters/abstract/connection_pool.rb:809:in `new_connection'
activerecord (5.2.1) lib/active_record/connection_adapters/abstract/connection_pool.rb:853:in `checkout_new_connection'
activerecord (5.2.1) lib/active_record/connection_adapters/abstract/connection_pool.rb:832:in `try_to_checkout_new_connection'
activerecord (5.2.1) lib/active_record/connection_adapters/abstract/connection_pool.rb:793:in `acquire_connection'
activerecord (5.2.1) lib/active_record/connection_adapters/abstract/connection_pool.rb:521:in `checkout'
activerecord (5.2.1) lib/active_record/connection_adapters/abstract/connection_pool.rb:380:in `connection'
activerecord (5.2.1) lib/active_record/connection_adapters/abstract/connection_pool.rb:1008:in `retrieve_connection'
activerecord (5.2.1) lib/active_record/connection_handling.rb:118:in `retrieve_connection'
activerecord (5.2.1) lib/active_record/connection_handling.rb:90:in `connection'
activerecord (5.2.1) lib/active_record/migration.rb:554:in `call'
actionpack (5.2.1) lib/action_dispatch/middleware/callbacks.rb:28:in `block in call'
activesupport (5.2.1) lib/active_support/callbacks.rb:98:in `run_callbacks'
actionpack (5.2.1) lib/action_dispatch/middleware/callbacks.rb:26:in `call'
actionpack (5.2.1) lib/action_dispatch/middleware/executor.rb:14:in `call'
actionpack (5.2.1) lib/action_dispatch/middleware/debug_exceptions.rb:61:in `call'
web-console (3.7.0) lib/web_console/middleware.rb:135:in `call_app'
web-console (3.7.0) lib/web_console/middleware.rb:30:in `block in call'
web-console (3.7.0) lib/web_console/middleware.rb:20:in `catch'
web-console (3.7.0) lib/web_console/middleware.rb:20:in `call'
actionpack (5.2.1) lib/action_dispatch/middleware/show_exceptions.rb:33:in `call'
railties (5.2.1) lib/rails/rack/logger.rb:38:in `call_app'
railties (5.2.1) lib/rails/rack/logger.rb:26:in `block in call'
activesupport (5.2.1) lib/active_support/tagged_logging.rb:71:in `block in tagged'
activesupport (5.2.1) lib/active_support/tagged_logging.rb:28:in `tagged'
activesupport (5.2.1) lib/active_support/tagged_logging.rb:71:in `tagged'
railties (5.2.1) lib/rails/rack/logger.rb:26:in `call'
sprockets-rails (3.2.1) lib/sprockets/rails/quiet_assets.rb:13:in `call'
actionpack (5.2.1) lib/action_dispatch/middleware/remote_ip.rb:81:in `call'
actionpack (5.2.1) lib/action_dispatch/middleware/request_id.rb:27:in `call'
rack (2.0.5) lib/rack/method_override.rb:22:in `call'
rack (2.0.5) lib/rack/runtime.rb:22:in `call'
activesupport (5.2.1) lib/active_support/cache/strategy/local_cache_middleware.rb:29:in `call'
actionpack (5.2.1) lib/action_dispatch/middleware/executor.rb:14:in `call'
actionpack (5.2.1) lib/action_dispatch/middleware/static.rb:127:in `call'
rack (2.0.5) lib/rack/sendfile.rb:111:in `call'
railties (5.2.1) lib/rails/engine.rb:524:in `call'
puma (3.12.0) lib/puma/configuration.rb:225:in `call'
puma (3.12.0) lib/puma/server.rb:658:in `handle_request'
puma (3.12.0) lib/puma/server.rb:472:in `process_client'
puma (3.12.0) lib/puma/server.rb:332:in `block in run'
puma (3.12.0) lib/puma/thread_pool.rb:133:in `block in spawn_thread'
